<?xml version="1.0" encoding="UTF-8"?>
<testng-results ignored="0" total="11" passed="11" failed="0" skipped="0">
  <reporter-output>
  </reporter-output>
  <suite started-at="2025-09-02T16:21:44 IST" name="Suite" finished-at="2025-09-02T16:23:27 IST" duration-ms="103008">
    <groups>
      <group name="cucumber">
        <method signature="AbstractTestNGCucumberTests.runScenario(io.cucumber.testng.PickleWrapper,io.cucumber.testng.FeatureWrapper)[pri:0, instance:runners.TestRunner@587e5365]" name="runScenario" class="io.cucumber.testng.AbstractTestNGCucumberTests"/>
      </group> <!-- cucumber -->
    </groups>
    <test started-at="2025-09-02T16:21:44 IST" name="CucumberTest" finished-at="2025-09-02T16:23:27 IST" duration-ms="103008">
      <class name="runners.TestRunner">
        <test-method is-config="true" signature="setUpClass(org.testng.ITestContext)[pri:0, instance:runners.TestRunner@587e5365]" started-at="2025-09-02T16:21:44 IST" name="setUpClass" finished-at="2025-09-02T16:21:45 IST" duration-ms="620" status="PASS">
          <params>
            <param index="0">
              <value>
                <![CDATA[org.testng.TestRunner@51e7589f]]>
              </value>
            </param>
          </params>
          <reporter-output>
          </reporter-output>
        </test-method> <!-- setUpClass -->
        <test-method signature="runScenario(io.cucumber.testng.PickleWrapper,io.cucumber.testng.FeatureWrapper)[pri:0, instance:runners.TestRunner@587e5365]" started-at="2025-09-02T16:21:45 IST" name="runScenario" description="Runs Cucumber Scenarios" data-provider="scenarios" finished-at="2025-09-02T16:21:51 IST" duration-ms="6652" status="PASS">
          <params>
            <param index="0">
              <value>
                <![CDATA["Search for a valid city name"]]>
              </value>
            </param>
            <param index="1">
              <value>
                <![CDATA["City Search Module"]]>
              </value>
            </param>
          </params>
          <reporter-output>
          </reporter-output>
        </test-method> <!-- runScenario -->
        <test-method signature="runScenario(io.cucumber.testng.PickleWrapper,io.cucumber.testng.FeatureWrapper)[pri:0, instance:runners.TestRunner@587e5365]" started-at="2025-09-02T16:21:51 IST" name="runScenario" description="Runs Cucumber Scenarios" data-provider="scenarios" finished-at="2025-09-02T16:21:56 IST" duration-ms="4752" status="PASS">
          <params>
            <param index="0">
              <value>
                <![CDATA["Search for an invalid city name"]]>
              </value>
            </param>
            <param index="1">
              <value>
                <![CDATA["City Search Module"]]>
              </value>
            </param>
          </params>
          <reporter-output>
          </reporter-output>
        </test-method> <!-- runScenario -->
        <test-method signature="runScenario(io.cucumber.testng.PickleWrapper,io.cucumber.testng.FeatureWrapper)[pri:0, instance:runners.TestRunner@587e5365]" started-at="2025-09-02T16:21:56 IST" name="runScenario" description="Runs Cucumber Scenarios" data-provider="scenarios" finished-at="2025-09-02T16:22:03 IST" duration-ms="7060" status="PASS">
          <params>
            <param index="0">
              <value>
                <![CDATA["Select city by choosing a city icon"]]>
              </value>
            </param>
            <param index="1">
              <value>
                <![CDATA["City Search Module"]]>
              </value>
            </param>
          </params>
          <reporter-output>
          </reporter-output>
        </test-method> <!-- runScenario -->
        <test-method signature="runScenario(io.cucumber.testng.PickleWrapper,io.cucumber.testng.FeatureWrapper)[pri:0, instance:runners.TestRunner@587e5365]" started-at="2025-09-02T16:22:03 IST" name="runScenario" description="Runs Cucumber Scenarios" data-provider="scenarios" finished-at="2025-09-02T16:22:26 IST" duration-ms="22994" status="PASS">
          <params>
            <param index="0">
              <value>
                <![CDATA["View all cities and validate additional city names"]]>
              </value>
            </param>
            <param index="1">
              <value>
                <![CDATA["City Search Module"]]>
              </value>
            </param>
          </params>
          <reporter-output>
          </reporter-output>
        </test-method> <!-- runScenario -->
        <test-method signature="runScenario(io.cucumber.testng.PickleWrapper,io.cucumber.testng.FeatureWrapper)[pri:0, instance:runners.TestRunner@587e5365]" started-at="2025-09-02T16:22:26 IST" name="runScenario" description="Runs Cucumber Scenarios" data-provider="scenarios" finished-at="2025-09-02T16:22:32 IST" duration-ms="5565" status="PASS">
          <params>
            <param index="0">
              <value>
                <![CDATA["Navigate to the Gift Card section and validate Check Gift Card Balance icon"]]>
              </value>
            </param>
            <param index="1">
              <value>
                <![CDATA["Gift Card Module"]]>
              </value>
            </param>
          </params>
          <reporter-output>
          </reporter-output>
        </test-method> <!-- runScenario -->
        <test-method signature="runScenario(io.cucumber.testng.PickleWrapper,io.cucumber.testng.FeatureWrapper)[pri:0, instance:runners.TestRunner@587e5365]" started-at="2025-09-02T16:22:32 IST" name="runScenario" description="Runs Cucumber Scenarios" data-provider="scenarios" finished-at="2025-09-02T16:22:37 IST" duration-ms="5809" status="PASS">
          <params>
            <param index="0">
              <value>
                <![CDATA["Validate error message for invalid gift card voucher"]]>
              </value>
            </param>
            <param index="1">
              <value>
                <![CDATA["Gift Card Module"]]>
              </value>
            </param>
          </params>
          <reporter-output>
          </reporter-output>
        </test-method> <!-- runScenario -->
        <test-method signature="runScenario(io.cucumber.testng.PickleWrapper,io.cucumber.testng.FeatureWrapper)[pri:0, instance:runners.TestRunner@587e5365]" started-at="2025-09-02T16:22:37 IST" name="runScenario" description="Runs Cucumber Scenarios" data-provider="scenarios" finished-at="2025-09-02T16:22:46 IST" duration-ms="8382" status="PASS">
          <params>
            <param index="0">
              <value>
                <![CDATA["Valid login with mobile and OTP"]]>
              </value>
            </param>
            <param index="1">
              <value>
                <![CDATA["Login to BookMyShow"]]>
              </value>
            </param>
          </params>
          <reporter-output>
          </reporter-output>
        </test-method> <!-- runScenario -->
        <test-method signature="runScenario(io.cucumber.testng.PickleWrapper,io.cucumber.testng.FeatureWrapper)[pri:0, instance:runners.TestRunner@587e5365]" started-at="2025-09-02T16:22:46 IST" name="runScenario" description="Runs Cucumber Scenarios" data-provider="scenarios" finished-at="2025-09-02T16:22:54 IST" duration-ms="7699" status="PASS">
          <params>
            <param index="0">
              <value>
                <![CDATA["Invalid login with mobile"]]>
              </value>
            </param>
            <param index="1">
              <value>
                <![CDATA["Login to BookMyShow"]]>
              </value>
            </param>
          </params>
          <reporter-output>
          </reporter-output>
        </test-method> <!-- runScenario -->
        <test-method signature="runScenario(io.cucumber.testng.PickleWrapper,io.cucumber.testng.FeatureWrapper)[pri:0, instance:runners.TestRunner@587e5365]" started-at="2025-09-02T16:22:54 IST" name="runScenario" description="Runs Cucumber Scenarios" data-provider="scenarios" finished-at="2025-09-02T16:23:15 IST" duration-ms="21811" status="PASS">
          <params>
            <param index="0">
              <value>
                <![CDATA["Verify all login UI elements are functional and visible"]]>
              </value>
            </param>
            <param index="1">
              <value>
                <![CDATA["Login to BookMyShow"]]>
              </value>
            </param>
          </params>
          <reporter-output>
          </reporter-output>
        </test-method> <!-- runScenario -->
        <test-method signature="runScenario(io.cucumber.testng.PickleWrapper,io.cucumber.testng.FeatureWrapper)[pri:0, instance:runners.TestRunner@587e5365]" started-at="2025-09-02T16:23:15 IST" name="runScenario" description="Runs Cucumber Scenarios" data-provider="scenarios" finished-at="2025-09-02T16:23:21 IST" duration-ms="5937" status="PASS">
          <params>
            <param index="0">
              <value>
                <![CDATA["Select first movie from recommended movies and validate movie details"]]>
              </value>
            </param>
            <param index="1">
              <value>
                <![CDATA["Movie Search Module"]]>
              </value>
            </param>
          </params>
          <reporter-output>
          </reporter-output>
        </test-method> <!-- runScenario -->
        <test-method signature="runScenario(io.cucumber.testng.PickleWrapper,io.cucumber.testng.FeatureWrapper)[pri:0, instance:runners.TestRunner@587e5365]" started-at="2025-09-02T16:23:21 IST" name="runScenario" description="Runs Cucumber Scenarios" data-provider="scenarios" finished-at="2025-09-02T16:23:27 IST" duration-ms="5622" status="PASS">
          <params>
            <param index="0">
              <value>
                <![CDATA["Navigate to upcoming movies and validate "In Cinemas Near You" link"]]>
              </value>
            </param>
            <param index="1">
              <value>
                <![CDATA["Movie Search Module"]]>
              </value>
            </param>
          </params>
          <reporter-output>
          </reporter-output>
        </test-method> <!-- runScenario -->
        <test-method is-config="true" signature="tearDownClass()[pri:0, instance:runners.TestRunner@587e5365]" started-at="2025-09-02T16:23:27 IST" name="tearDownClass" finished-at="2025-09-02T16:23:27 IST" duration-ms="40" status="PASS">
          <reporter-output>
          </reporter-output>
        </test-method> <!-- tearDownClass -->
      </class> <!-- runners.TestRunner -->
    </test> <!-- CucumberTest -->
  </suite> <!-- Suite -->
</testng-results>
